<?xml version="1.0" encoding="UTF-8"?>
<!-- Generated by org.testng.reporters.JUnitReportReporter -->
<testsuite hostname="DESKTOP-U6EDKU0" failures="0" tests="1" name="testCases.LoginTest" time="3.521" errors="0" timestamp="2023-09-02T23:03:35 GMT-07:00" skipped="0">
  <testcase classname="testCases.LoginTest" name="LoginValidation" time="3.521"/>
</testsuite> <!-- testCases.LoginTest -->
