<?xml version="1.0" encoding="UTF-8"?>
<!-- Generated by org.testng.reporters.JUnitReportReporter -->
<testsuite hostname="DESKTOP-U6EDKU0" failures="0" tests="1" name="testCases.LoginTest" time="4.809" errors="0" timestamp="2023-09-03T01:33:14 GMT-07:00" skipped="0">
  <testcase classname="testCases.LoginTest" name="LoginValidation" time="4.809"/>
</testsuite> <!-- testCases.LoginTest -->
